2025-10-29 20:02:27,379 - data_validator - WARNING - Validation failed: ['amount_positive', 'valid_timestamp', 'account_not_empty', 'valid_currency']
2025-10-29 20:02:27,384 - error_handler - ERROR - processing_error: Failed to process TX0001
2025-10-29 20:02:27,384 - error_handler - ERROR - processing_error: Failed to process TX0002
2025-10-29 20:02:27,384 - data_validator - WARNING - Validation failed: ['amount_positive']
2025-10-29 20:02:27,384 - error_handler - ERROR - processing_error: Failed to process TX0004
2025-10-29 20:02:27,384 - error_handler - ERROR - processing_error: Failed to process TX0005
2025-10-29 20:02:27,384 - data_validator - WARNING - Validation failed: ['amount_positive', 'account_not_empty', 'valid_currency']
2025-10-29 20:02:27,394 - error_handler - ERROR - processing_error: Failed to process TX0007
2025-10-29 20:02:27,394 - error_handler - ERROR - processing_error: Failed to process TX0008
2025-10-29 20:02:27,394 - data_validator - WARNING - Validation failed: ['amount_positive', 'valid_currency']
2025-10-29 20:02:27,394 - error_handler - ERROR - processing_error: Failed to process TX0010
2025-10-29 20:02:27,394 - error_handler - ERROR - processing_error: Failed to process TX0011
2025-10-29 20:02:27,398 - data_validator - WARNING - Validation failed: ['amount_positive', 'valid_timestamp', 'account_not_empty']
2025-10-29 20:02:27,398 - error_handler - ERROR - processing_error: Failed to process TX0013
2025-10-29 20:02:27,398 - error_handler - ERROR - processing_error: Failed to process TX0014
2025-10-29 20:02:27,398 - data_validator - WARNING - Validation failed: ['amount_positive']
2025-10-29 20:02:27,398 - error_handler - ERROR - processing_error: Failed to process TX0016
2025-10-29 20:02:27,398 - error_handler - ERROR - processing_error: Failed to process TX0017
2025-10-29 20:02:27,398 - data_validator - WARNING - Validation failed: ['amount_positive', 'account_not_empty']
2025-10-29 20:02:27,398 - error_handler - ERROR - processing_error: Failed to process TX0019
2025-10-29 20:02:27,398 - error_handler - ERROR - processing_error: Failed to process TX0020
2025-10-29 20:02:27,398 - data_validator - WARNING - Validation failed: ['amount_positive']
2025-10-29 20:02:27,398 - error_handler - ERROR - processing_error: Failed to process TX0022
2025-10-29 20:02:27,398 - error_handler - ERROR - processing_error: Failed to process TX0023
2025-10-29 20:02:27,398 - data_validator - WARNING - Validation failed: ['amount_positive', 'valid_timestamp', 'account_not_empty', 'valid_currency']
2025-10-29 20:02:27,398 - data_validator - INFO - Validation errors exported to demo_validation_errors.json
2025-10-29 20:02:27,398 - error_handler - INFO - Error analysis exported to demo_error_analysis.json
2025-10-29 20:09:19,478 - error_handler - ERROR - data_validation_error: Transaction TX0000 failed validation
2025-10-29 20:09:19,478 - error_handler - WARNING - Data error - continuing processing: Transaction TX0000 failed validation
2025-10-29 20:09:19,478 - error_handler - ERROR - processing_error: Failed to process transaction TX0001
2025-10-29 20:09:19,478 - error_handler - INFO - Retry 1/3 for processing_error after 1s
2025-10-29 20:09:20,579 - error_handler - INFO - Retry 1 successful
2025-10-29 20:09:20,579 - error_handler - ERROR - processing_error: Failed to process transaction TX0002
2025-10-29 20:09:20,579 - error_handler - INFO - Retry 1/3 for processing_error after 1s
2025-10-29 20:09:21,606 - error_handler - INFO - Retry 1 successful
2025-10-29 20:09:21,606 - error_handler - ERROR - processing_error: Failed to process transaction TX0003
2025-10-29 20:09:21,606 - error_handler - INFO - Retry 1/3 for processing_error after 1s
2025-10-29 20:09:22,704 - error_handler - INFO - Retry 1 successful
2025-10-29 20:09:22,704 - error_handler - ERROR - processing_error: Failed to process transaction TX0004
2025-10-29 20:09:22,704 - error_handler - INFO - Retry 1/3 for processing_error after 1s
2025-10-29 20:09:23,755 - error_handler - INFO - Retry 1 successful
2025-10-29 20:09:23,757 - error_handler - ERROR - data_validation_error: Transaction TX0005 failed validation
2025-10-29 20:09:23,757 - error_handler - WARNING - Data error - continuing processing: Transaction TX0005 failed validation
2025-10-29 20:09:23,759 - error_handler - ERROR - processing_error: Failed to process transaction TX0006
2025-10-29 20:09:23,759 - error_handler - INFO - Retry 1/3 for processing_error after 1s
2025-10-29 20:09:24,814 - error_handler - WARNING - Retry 1 failed: Temporary processing failure
2025-10-29 20:09:24,814 - error_handler - INFO - Retry 2/3 for processing_error after 2s
2025-10-29 20:09:26,886 - error_handler - INFO - Retry 2 successful
2025-10-29 20:09:26,886 - error_handler - ERROR - processing_error: Failed to process transaction TX0007
2025-10-29 20:09:26,886 - error_handler - INFO - Retry 1/3 for processing_error after 1s
2025-10-29 20:09:27,980 - error_handler - INFO - Retry 1 successful
2025-10-29 20:09:27,982 - error_handler - ERROR - processing_error: Failed to process transaction TX0008
2025-10-29 20:09:27,982 - error_handler - INFO - Retry 1/3 for processing_error after 1s
2025-10-29 20:09:29,029 - error_handler - INFO - Retry 1 successful
2025-10-29 20:09:29,032 - error_handler - ERROR - processing_error: Failed to process transaction TX0009
2025-10-29 20:09:29,032 - error_handler - INFO - Retry 1/3 for processing_error after 1s
2025-10-29 20:09:30,095 - error_handler - WARNING - Retry 1 failed: Database connection timeout
2025-10-29 20:09:30,095 - error_handler - INFO - Retry 2/3 for processing_error after 2s
2025-10-29 20:09:32,150 - error_handler - INFO - Retry 2 successful
2025-10-29 20:09:32,152 - error_handler - ERROR - data_validation_error: Transaction TX0010 failed validation
2025-10-29 20:09:32,152 - error_handler - WARNING - Data error - continuing processing: Transaction TX0010 failed validation
2025-10-29 20:09:32,155 - error_handler - ERROR - processing_error: Failed to process transaction TX0011
2025-10-29 20:09:32,155 - error_handler - INFO - Retry 1/3 for processing_error after 1s
2025-10-29 20:09:33,197 - error_handler - INFO - Retry 1 successful
2025-10-29 20:09:33,199 - error_handler - ERROR - processing_error: Failed to process transaction TX0012
2025-10-29 20:09:33,199 - error_handler - INFO - Retry 1/3 for processing_error after 1s
2025-10-29 20:09:34,284 - error_handler - INFO - Retry 1 successful
2025-10-29 20:09:34,285 - error_handler - ERROR - processing_error: Failed to process transaction TX0013
2025-10-29 20:09:34,285 - error_handler - INFO - Retry 1/3 for processing_error after 1s
2025-10-29 20:09:35,353 - error_handler - INFO - Retry 1 successful
2025-10-29 20:09:35,353 - error_handler - ERROR - processing_error: Failed to process transaction TX0014
2025-10-29 20:09:35,353 - error_handler - INFO - Retry 1/3 for processing_error after 1s
2025-10-29 20:09:36,432 - error_handler - INFO - Retry 1 successful
2025-10-29 20:09:36,464 - error_handler - ERROR - data_validation_error: Transaction TX0015 failed validation
2025-10-29 20:09:36,464 - error_handler - WARNING - Data error - continuing processing: Transaction TX0015 failed validation
2025-10-29 20:09:36,472 - error_handler - ERROR - processing_error: Failed to process transaction TX0016
2025-10-29 20:09:36,472 - error_handler - INFO - Retry 1/3 for processing_error after 1s
2025-10-29 20:09:37,490 - error_handler - INFO - Retry 1 successful
2025-10-29 20:09:37,490 - error_handler - ERROR - processing_error: Failed to process transaction TX0017
2025-10-29 20:09:37,490 - error_handler - INFO - Retry 1/3 for processing_error after 1s
2025-10-29 20:09:38,579 - error_handler - INFO - Retry 1 successful
2025-10-29 20:09:38,579 - error_handler - ERROR - processing_error: Failed to process transaction TX0018
2025-10-29 20:09:38,579 - error_handler - INFO - Retry 1/3 for processing_error after 1s
2025-10-29 20:09:39,640 - error_handler - INFO - Retry 1 successful
2025-10-29 20:09:39,640 - error_handler - ERROR - processing_error: Failed to process transaction TX0019
2025-10-29 20:09:39,640 - error_handler - INFO - Retry 1/3 for processing_error after 1s
2025-10-29 20:09:40,692 - error_handler - INFO - Retry 1 successful
2025-10-29 20:09:40,692 - error_handler - ERROR - data_validation_error: Transaction TX0020 failed validation
2025-10-29 20:09:40,695 - error_handler - WARNING - Data error - continuing processing: Transaction TX0020 failed validation
2025-10-29 20:09:40,696 - error_handler - ERROR - processing_error: Failed to process transaction TX0021
2025-10-29 20:09:40,696 - error_handler - INFO - Retry 1/3 for processing_error after 1s
2025-10-29 20:09:41,717 - error_handler - INFO - Retry 1 successful
2025-10-29 20:09:41,717 - error_handler - ERROR - processing_error: Failed to process transaction TX0022
2025-10-29 20:09:41,717 - error_handler - INFO - Retry 1/3 for processing_error after 1s
2025-10-29 20:09:42,766 - error_handler - INFO - Retry 1 successful
2025-10-29 20:09:42,766 - error_handler - ERROR - processing_error: Failed to process transaction TX0023
2025-10-29 20:09:42,766 - error_handler - INFO - Retry 1/3 for processing_error after 1s
2025-10-29 20:09:43,781 - error_handler - INFO - Retry 1 successful
2025-10-29 20:09:43,781 - error_handler - ERROR - processing_error: Failed to process transaction TX0024
2025-10-29 20:09:43,781 - error_handler - INFO - Retry 1/3 for processing_error after 1s
2025-10-29 20:09:44,818 - error_handler - INFO - Retry 1 successful
2025-10-29 20:09:44,818 - error_handler - ERROR - data_validation_error: Transaction TX0025 failed validation
2025-10-29 20:09:44,821 - error_handler - WARNING - Data error - continuing processing: Transaction TX0025 failed validation
2025-10-29 20:09:44,822 - error_handler - ERROR - processing_error: Failed to process transaction TX0026
2025-10-29 20:09:44,822 - error_handler - INFO - Retry 1/3 for processing_error after 1s
2025-10-29 20:09:45,858 - error_handler - INFO - Retry 1 successful
2025-10-29 20:09:45,858 - error_handler - ERROR - processing_error: Failed to process transaction TX0027
2025-10-29 20:09:45,858 - error_handler - INFO - Retry 1/3 for processing_error after 1s
2025-10-29 20:09:46,930 - error_handler - INFO - Retry 1 successful
2025-10-29 20:09:46,930 - error_handler - ERROR - processing_error: Failed to process transaction TX0028
2025-10-29 20:09:46,930 - error_handler - INFO - Retry 1/3 for processing_error after 1s
2025-10-29 20:09:48,017 - error_handler - INFO - Retry 1 successful
2025-10-29 20:09:48,017 - error_handler - ERROR - processing_error: Failed to process transaction TX0029
2025-10-29 20:09:48,017 - error_handler - INFO - Retry 1/3 for processing_error after 1s
2025-10-29 20:09:49,078 - error_handler - INFO - Retry 1 successful
2025-10-29 20:09:49,078 - error_handler - ERROR - database_connection: Database operation failed
2025-10-29 20:09:49,078 - error_handler - INFO - Retry 1/3 for database_connection after 1s
2025-10-29 20:09:50,130 - error_handler - WARNING - Retry 1 failed: Database connection lost
2025-10-29 20:09:50,130 - error_handler - INFO - Retry 2/3 for database_connection after 2s
2025-10-29 20:09:52,182 - error_handler - INFO - Retry 2 successful
2025-10-29 20:09:52,182 - data_validator - INFO - Validation errors exported to demo_validation_errors.json
2025-10-29 20:09:52,182 - error_handler - INFO - Error analysis exported to demo_error_analysis.json
